Epoch: 001, aver_loss : 0.25280, R@20: 0.0541, N@20: 0.0236, time:80.74 seconds
Epoch: 002, aver_loss : 0.16580, R@20: 0.0661, N@20: 0.0294, time:80.71 seconds
Epoch: 003, aver_loss : 0.13634, R@20: 0.0766, N@20: 0.0342, time:80.73 seconds
Epoch: 004, aver_loss : 0.11412, R@20: 0.0831, N@20: 0.0373, time:80.72 seconds
Epoch: 005, aver_loss : 0.09628, R@20: 0.0880, N@20: 0.0397, time:80.72 seconds
Epoch: 006, aver_loss : 0.08273, R@20: 0.0917, N@20: 0.0418, time:80.72 seconds
Epoch: 007, aver_loss : 0.07086, R@20: 0.0946, N@20: 0.0435, time:80.72 seconds
Epoch: 008, aver_loss : 0.06258, R@20: 0.0964, N@20: 0.0447, time:80.72 seconds
Epoch: 009, aver_loss : 0.05532, R@20: 0.0979, N@20: 0.0456, time:80.72 seconds
Epoch: 010, aver_loss : 0.04912, R@20: 0.0987, N@20: 0.0462, time:80.72 seconds
Epoch: 011, aver_loss : 0.04458, R@20: 0.0994, N@20: 0.0466, time:80.72 seconds
Epoch: 012, aver_loss : 0.04004, R@20: 0.0994, N@20: 0.0468, time:80.72 seconds
Epoch: 013, aver_loss : 0.03688, R@20: 0.0991, N@20: 0.0467, time:80.72 seconds
Epoch: 014, aver_loss : 0.03422, R@20: 0.0983, N@20: 0.0465, time:80.73 seconds
Epoch: 015, aver_loss : 0.03165, R@20: 0.0977, N@20: 0.0464, time:80.72 seconds
Epoch: 016, aver_loss : 0.02997, R@20: 0.0976, N@20: 0.0464, time:80.72 seconds
Epoch: 017, aver_loss : 0.02828, R@20: 0.0963, N@20: 0.0460, time:80.72 seconds
Epoch: 018, aver_loss : 0.02689, R@20: 0.0954, N@20: 0.0455, time:80.72 seconds
Epoch: 019, aver_loss : 0.02524, R@20: 0.0944, N@20: 0.0450, time:80.72 seconds
Epoch: 020, aver_loss : 0.02358, R@20: 0.0933, N@20: 0.0448, time:80.72 seconds
Epoch: 021, aver_loss : 0.02332, R@20: 0.0923, N@20: 0.0443, time:80.72 seconds
Epoch: 022, aver_loss : 0.02197, R@20: 0.0915, N@20: 0.0439, time:80.72 seconds
Epoch: 023, aver_loss : 0.02113, R@20: 0.0903, N@20: 0.0435, time:80.72 seconds
Epoch: 024, aver_loss : 0.02016, R@20: 0.0898, N@20: 0.0432, time:80.72 seconds
Epoch: 025, aver_loss : 0.02003, R@20: 0.0890, N@20: 0.0430, time:80.72 seconds
Epoch: 026, aver_loss : 0.01886, R@20: 0.0883, N@20: 0.0427, time:80.72 seconds
Epoch: 027, aver_loss : 0.01874, R@20: 0.0876, N@20: 0.0424, time:80.72 seconds
Epoch: 028, aver_loss : 0.01853, R@20: 0.0864, N@20: 0.0418, time:80.72 seconds
Epoch: 029, aver_loss : 0.01814, R@20: 0.0856, N@20: 0.0415, time:80.72 seconds
Epoch: 030, aver_loss : 0.01759, R@20: 0.0852, N@20: 0.0413, time:80.72 seconds
Epoch: 031, aver_loss : 0.01745, R@20: 0.0839, N@20: 0.0407, time:80.72 seconds
Epoch: 032, aver_loss : 0.01669, R@20: 0.0832, N@20: 0.0404, time:80.72 seconds

========== BEST RESULT ==========
Best Epoch: 12
Recall@20: 0.0994, NDCG@20: 0.0468
Config:
{
  "init": "normal",
  "init_weight": 0.01,
  "dim": 64,
  "decay": 0.001,
  "K": 3,
  "lambda": 0.3,
  "lr": 0.0005,
  "num_neg": 64,
  "dropout": 0.1
}
Log saved to: ../log/NR-GCF_iFashion_20250806_144043.log
