Epoch: 001, aver_loss : 0.18667, R@20: 0.0681, N@20: 0.0306, time:80.74 seconds
Epoch: 002, aver_loss : 0.09865, R@20: 0.0804, N@20: 0.0366, time:80.72 seconds
Epoch: 003, aver_loss : 0.07017, R@20: 0.0864, N@20: 0.0398, time:80.72 seconds
Epoch: 004, aver_loss : 0.05182, R@20: 0.0893, N@20: 0.0414, time:80.72 seconds
Epoch: 005, aver_loss : 0.03786, R@20: 0.0889, N@20: 0.0418, time:80.74 seconds
Epoch: 006, aver_loss : 0.02877, R@20: 0.0859, N@20: 0.0404, time:80.73 seconds
Epoch: 007, aver_loss : 0.02219, R@20: 0.0834, N@20: 0.0392, time:80.73 seconds
Epoch: 008, aver_loss : 0.01828, R@20: 0.0809, N@20: 0.0382, time:80.73 seconds
Epoch: 009, aver_loss : 0.01512, R@20: 0.0791, N@20: 0.0372, time:80.72 seconds
Epoch: 010, aver_loss : 0.01375, R@20: 0.0769, N@20: 0.0364, time:80.72 seconds
Epoch: 011, aver_loss : 0.01283, R@20: 0.0743, N@20: 0.0352, time:80.72 seconds
Epoch: 012, aver_loss : 0.01128, R@20: 0.0717, N@20: 0.0339, time:80.72 seconds
Epoch: 013, aver_loss : 0.01075, R@20: 0.0707, N@20: 0.0334, time:80.72 seconds
Epoch: 014, aver_loss : 0.01028, R@20: 0.0691, N@20: 0.0326, time:80.73 seconds
Epoch: 015, aver_loss : 0.00952, R@20: 0.0673, N@20: 0.0317, time:80.73 seconds
Epoch: 016, aver_loss : 0.00908, R@20: 0.0657, N@20: 0.0310, time:80.73 seconds
Epoch: 017, aver_loss : 0.00855, R@20: 0.0644, N@20: 0.0305, time:80.73 seconds
Epoch: 018, aver_loss : 0.00823, R@20: 0.0635, N@20: 0.0301, time:80.73 seconds
Epoch: 019, aver_loss : 0.00820, R@20: 0.0624, N@20: 0.0296, time:80.73 seconds
Epoch: 020, aver_loss : 0.00771, R@20: 0.0614, N@20: 0.0292, time:80.72 seconds
Epoch: 021, aver_loss : 0.00748, R@20: 0.0608, N@20: 0.0289, time:80.73 seconds
Epoch: 022, aver_loss : 0.00734, R@20: 0.0599, N@20: 0.0284, time:80.72 seconds
Epoch: 023, aver_loss : 0.00734, R@20: 0.0594, N@20: 0.0281, time:80.73 seconds
Epoch: 024, aver_loss : 0.00697, R@20: 0.0595, N@20: 0.0281, time:80.73 seconds

========== BEST RESULT ==========
Best Epoch: 4
Recall@20: 0.0893, NDCG@20: 0.0414
Config:
{
  "init": "normal",
  "init_weight": 0.01,
  "dim": 64,
  "decay": 0.001,
  "K": 3,
  "lambda": 0.9,
  "lr": 0.0005,
  "num_neg": 64,
  "dropout": 0.1
}
Log saved to: ../log/NR-GCF_iFashion_20250806_095253.log
