Epoch: 001, aver_loss : 0.20052, R@20: 0.0652, N@20: 0.0288, time:80.74 seconds
Epoch: 002, aver_loss : 0.11231, R@20: 0.0788, N@20: 0.0352, time:80.72 seconds
Epoch: 003, aver_loss : 0.07702, R@20: 0.0858, N@20: 0.0391, time:80.73 seconds
Epoch: 004, aver_loss : 0.05010, R@20: 0.0884, N@20: 0.0409, time:80.73 seconds
Epoch: 005, aver_loss : 0.03233, R@20: 0.0875, N@20: 0.0406, time:80.72 seconds
Epoch: 006, aver_loss : 0.02399, R@20: 0.0855, N@20: 0.0398, time:80.73 seconds
Epoch: 007, aver_loss : 0.01786, R@20: 0.0830, N@20: 0.0388, time:80.72 seconds
Epoch: 008, aver_loss : 0.01472, R@20: 0.0806, N@20: 0.0378, time:80.72 seconds
Epoch: 009, aver_loss : 0.01289, R@20: 0.0781, N@20: 0.0366, time:80.72 seconds
Epoch: 010, aver_loss : 0.01128, R@20: 0.0755, N@20: 0.0354, time:80.72 seconds
Epoch: 011, aver_loss : 0.01031, R@20: 0.0734, N@20: 0.0345, time:80.72 seconds
Epoch: 012, aver_loss : 0.00952, R@20: 0.0717, N@20: 0.0336, time:80.72 seconds
Epoch: 013, aver_loss : 0.00894, R@20: 0.0699, N@20: 0.0328, time:80.72 seconds
Epoch: 014, aver_loss : 0.00830, R@20: 0.0684, N@20: 0.0320, time:80.73 seconds
Epoch: 015, aver_loss : 0.00811, R@20: 0.0674, N@20: 0.0313, time:80.73 seconds
Epoch: 016, aver_loss : 0.00786, R@20: 0.0656, N@20: 0.0310, time:80.72 seconds
Epoch: 017, aver_loss : 0.00751, R@20: 0.0642, N@20: 0.0301, time:80.72 seconds
Epoch: 018, aver_loss : 0.00738, R@20: 0.0634, N@20: 0.0299, time:80.72 seconds
Epoch: 019, aver_loss : 0.00686, R@20: 0.0629, N@20: 0.0295, time:80.72 seconds
Epoch: 020, aver_loss : 0.00661, R@20: 0.0623, N@20: 0.0291, time:80.72 seconds
Epoch: 021, aver_loss : 0.00642, R@20: 0.0609, N@20: 0.0284, time:80.72 seconds
Epoch: 022, aver_loss : 0.00635, R@20: 0.0609, N@20: 0.0285, time:80.72 seconds
Epoch: 023, aver_loss : 0.00625, R@20: 0.0601, N@20: 0.0281, time:80.72 seconds
Epoch: 024, aver_loss : 0.00612, R@20: 0.0585, N@20: 0.0274, time:80.72 seconds

========== BEST RESULT ==========
Best Epoch: 4
Recall@20: 0.0884, NDCG@20: 0.0409
Config:
{
  "init": "normal",
  "init_weight": 0.01,
  "dim": 64,
  "decay": 0.001,
  "K": 3,
  "lambda": 0.7,
  "lr": 0.0005,
  "num_neg": 64,
  "dropout": 0.1
}
Log saved to: ../log/NR-GCF_iFashion_20250806_112701.log
