Epoch: 001, aver_loss : 0.19206, R@20: 0.0675, N@20: 0.0299, time:80.74 seconds
Epoch: 002, aver_loss : 0.10343, R@20: 0.0794, N@20: 0.0358, time:80.72 seconds
Epoch: 003, aver_loss : 0.07247, R@20: 0.0859, N@20: 0.0391, time:80.73 seconds
Epoch: 004, aver_loss : 0.05019, R@20: 0.0885, N@20: 0.0409, time:80.72 seconds
Epoch: 005, aver_loss : 0.03357, R@20: 0.0873, N@20: 0.0405, time:80.73 seconds
Epoch: 006, aver_loss : 0.02516, R@20: 0.0856, N@20: 0.0400, time:80.72 seconds
Epoch: 007, aver_loss : 0.02002, R@20: 0.0827, N@20: 0.0388, time:80.72 seconds
Epoch: 008, aver_loss : 0.01599, R@20: 0.0797, N@20: 0.0375, time:80.72 seconds
Epoch: 009, aver_loss : 0.01397, R@20: 0.0772, N@20: 0.0363, time:80.72 seconds
Epoch: 010, aver_loss : 0.01196, R@20: 0.0752, N@20: 0.0355, time:80.72 seconds
Epoch: 011, aver_loss : 0.01096, R@20: 0.0730, N@20: 0.0345, time:80.72 seconds
Epoch: 012, aver_loss : 0.01017, R@20: 0.0715, N@20: 0.0336, time:80.72 seconds
Epoch: 013, aver_loss : 0.00935, R@20: 0.0701, N@20: 0.0330, time:80.72 seconds
Epoch: 014, aver_loss : 0.00920, R@20: 0.0681, N@20: 0.0319, time:80.72 seconds
Epoch: 015, aver_loss : 0.00858, R@20: 0.0657, N@20: 0.0308, time:80.72 seconds
Epoch: 016, aver_loss : 0.00808, R@20: 0.0647, N@20: 0.0304, time:80.72 seconds
Epoch: 017, aver_loss : 0.00764, R@20: 0.0638, N@20: 0.0296, time:80.72 seconds
Epoch: 018, aver_loss : 0.00749, R@20: 0.0626, N@20: 0.0293, time:80.72 seconds
Epoch: 019, aver_loss : 0.00746, R@20: 0.0627, N@20: 0.0293, time:80.73 seconds
Epoch: 020, aver_loss : 0.00701, R@20: 0.0610, N@20: 0.0284, time:80.73 seconds
Epoch: 021, aver_loss : 0.00678, R@20: 0.0605, N@20: 0.0283, time:80.72 seconds
Epoch: 022, aver_loss : 0.00677, R@20: 0.0593, N@20: 0.0278, time:80.72 seconds
Epoch: 023, aver_loss : 0.00650, R@20: 0.0587, N@20: 0.0275, time:80.72 seconds
Epoch: 024, aver_loss : 0.00639, R@20: 0.0580, N@20: 0.0272, time:80.72 seconds

========== BEST RESULT ==========
Best Epoch: 4
Recall@20: 0.0885, NDCG@20: 0.0409
Config:
{
  "init": "normal",
  "init_weight": 0.01,
  "dim": 64,
  "decay": 0.001,
  "K": 3,
  "lambda": 0.8,
  "lr": 0.0005,
  "num_neg": 64,
  "dropout": 0.1
}
Log saved to: ../log/NR-GCF_iFashion_20250806_103958.log
