Epoch: 001, aver_loss : 0.20708, R@20: 0.0654, N@20: 0.0291, time:80.74 seconds
Epoch: 002, aver_loss : 0.11738, R@20: 0.0779, N@20: 0.0351, time:80.72 seconds
Epoch: 003, aver_loss : 0.07984, R@20: 0.0853, N@20: 0.0388, time:80.72 seconds
Epoch: 004, aver_loss : 0.04919, R@20: 0.0880, N@20: 0.0405, time:80.72 seconds
Epoch: 005, aver_loss : 0.03205, R@20: 0.0874, N@20: 0.0407, time:80.72 seconds
Epoch: 006, aver_loss : 0.02241, R@20: 0.0858, N@20: 0.0401, time:80.73 seconds
Epoch: 007, aver_loss : 0.01734, R@20: 0.0834, N@20: 0.0392, time:80.73 seconds
Epoch: 008, aver_loss : 0.01427, R@20: 0.0811, N@20: 0.0382, time:80.72 seconds
Epoch: 009, aver_loss : 0.01232, R@20: 0.0787, N@20: 0.0370, time:80.72 seconds
Epoch: 010, aver_loss : 0.01091, R@20: 0.0762, N@20: 0.0358, time:80.72 seconds
Epoch: 011, aver_loss : 0.01005, R@20: 0.0747, N@20: 0.0351, time:80.73 seconds
Epoch: 012, aver_loss : 0.00982, R@20: 0.0724, N@20: 0.0341, time:80.72 seconds
Epoch: 013, aver_loss : 0.00840, R@20: 0.0706, N@20: 0.0332, time:80.72 seconds
Epoch: 014, aver_loss : 0.00840, R@20: 0.0694, N@20: 0.0325, time:80.72 seconds
Epoch: 015, aver_loss : 0.00761, R@20: 0.0679, N@20: 0.0320, time:80.72 seconds
Epoch: 016, aver_loss : 0.00757, R@20: 0.0668, N@20: 0.0316, time:80.72 seconds
Epoch: 017, aver_loss : 0.00698, R@20: 0.0655, N@20: 0.0308, time:80.72 seconds
Epoch: 018, aver_loss : 0.00674, R@20: 0.0640, N@20: 0.0303, time:80.73 seconds
Epoch: 019, aver_loss : 0.00651, R@20: 0.0635, N@20: 0.0299, time:80.72 seconds
Epoch: 020, aver_loss : 0.00634, R@20: 0.0623, N@20: 0.0295, time:80.72 seconds
Epoch: 021, aver_loss : 0.00622, R@20: 0.0621, N@20: 0.0292, time:80.72 seconds
Epoch: 022, aver_loss : 0.00582, R@20: 0.0621, N@20: 0.0291, time:80.72 seconds
Epoch: 023, aver_loss : 0.00590, R@20: 0.0613, N@20: 0.0288, time:80.72 seconds
Epoch: 024, aver_loss : 0.00580, R@20: 0.0603, N@20: 0.0283, time:80.73 seconds

========== BEST RESULT ==========
Best Epoch: 4
Recall@20: 0.0880, NDCG@20: 0.0405
Config:
{
  "init": "normal",
  "init_weight": 0.01,
  "dim": 64,
  "decay": 0.001,
  "K": 3,
  "lambda": 0.6,
  "lr": 0.0005,
  "num_neg": 64,
  "dropout": 0.1
}
Log saved to: ../log/NR-GCF_iFashion_20250806_121403.log
